[debug] [2022-07-12T23:12:44.189Z] ----------------------------------------------------------------------
[debug] [2022-07-12T23:12:44.191Z] Command:       /usr/local/bin/node /usr/local/bin/firebase init hosting
[debug] [2022-07-12T23:12:44.191Z] CLI Version:   11.2.1
[debug] [2022-07-12T23:12:44.191Z] Platform:      darwin
[debug] [2022-07-12T23:12:44.191Z] Node Version:  v16.16.0
[debug] [2022-07-12T23:12:44.200Z] Time:          Tue Jul 12 2022 19:12:44 GMT-0400 (Eastern Daylight Time)
[debug] [2022-07-12T23:12:44.200Z] ----------------------------------------------------------------------
[debug] 
[debug] [2022-07-12T23:12:44.253Z] > command requires scopes: ["email","openid","https://www.googleapis.com/auth/cloudplatformprojects.readonly","https://www.googleapis.com/auth/firebase","https://www.googleapis.com/auth/cloud-platform"]
[debug] [2022-07-12T23:12:44.253Z] > authorizing via signed-in user (willburgis@hotmail.com)
[info] 
     ######## #### ########  ######## ########     ###     ######  ########
     ##        ##  ##     ## ##       ##     ##  ##   ##  ##       ##
     ######    ##  ########  ######   ########  #########  ######  ######
     ##        ##  ##    ##  ##       ##     ## ##     ##       ## ##
     ##       #### ##     ## ######## ########  ##     ##  ######  ########

You're about to initialize a Firebase project in this directory:

  /Users/willburgis/Documents/Project-Portfolio

Before we get started, keep in mind:

  * You are initializing within an existing Firebase project directory

[info] 
=== Project Setup
[info] 
[info] First, let's associate this project directory with a Firebase project.
[info] You can create multiple project aliases by running firebase use --add, 
[info] but for now we'll just set up a default project.
[info] 
[debug] [2022-07-12T23:12:44.257Z] Using project from CLI flag: project-portfolio-154b3
[debug] [2022-07-12T23:12:44.260Z] >>> [apiv2][query] GET https://firebase.googleapis.com/v1beta1/projects/project-portfolio-154b3 [none]
[debug] [2022-07-12T23:12:44.618Z] <<< [apiv2][status] GET https://firebase.googleapis.com/v1beta1/projects/project-portfolio-154b3 200
[debug] [2022-07-12T23:12:44.618Z] <<< [apiv2][body] GET https://firebase.googleapis.com/v1beta1/projects/project-portfolio-154b3 {"projectId":"project-portfolio-154b3","projectNumber":"618810442092","displayName":"Project Portfolio","name":"projects/project-portfolio-154b3","resources":{"hostingSite":"project-portfolio-154b3"},"state":"ACTIVE"}
[info] i  Using project project-portfolio-154b3 (Project Portfolio) 
[info] 
=== Hosting Setup
[info] 
[info] Your public directory is the folder (relative to your project directory) that
[info] will contain Hosting assets to be uploaded with firebase deploy. If you
[info] have a build process for your assets, use your build's output directory.
[info] 
